Determining if the pthread_create exist failed with the following output:
Change Dir: /home/xaviernx/gr-deep_jscc_test/build/CMakeFiles/CMakeTmp

Run Build Command:"/usr/bin/make" "cmTC_ced14/fast"
/usr/bin/make -f CMakeFiles/cmTC_ced14.dir/build.make CMakeFiles/cmTC_ced14.dir/build
make[1]: Entering directory '/home/xaviernx/gr-deep_jscc_test/build/CMakeFiles/CMakeTmp'
Building C object CMakeFiles/cmTC_ced14.dir/CheckSymbolExists.c.o
/usr/bin/cc   -std=gnu11 -o CMakeFiles/cmTC_ced14.dir/CheckSymbolExists.c.o   -c /home/xaviernx/gr-deep_jscc_test/build/CMakeFiles/CMakeTmp/CheckSymbolExists.c
Linking C executable cmTC_ced14
/usr/bin/cmake -E cmake_link_script CMakeFiles/cmTC_ced14.dir/link.txt --verbose=1
/usr/bin/cc      CMakeFiles/cmTC_ced14.dir/CheckSymbolExists.c.o  -o cmTC_ced14 
CMakeFiles/cmTC_ced14.dir/CheckSymbolExists.c.o: In function `main':
CheckSymbolExists.c:(.text+0x14): undefined reference to `pthread_create'
CheckSymbolExists.c:(.text+0x18): undefined reference to `pthread_create'
collect2: error: ld returned 1 exit status
CMakeFiles/cmTC_ced14.dir/build.make:97: recipe for target 'cmTC_ced14' failed
make[1]: *** [cmTC_ced14] Error 1
make[1]: Leaving directory '/home/xaviernx/gr-deep_jscc_test/build/CMakeFiles/CMakeTmp'
Makefile:126: recipe for target 'cmTC_ced14/fast' failed
make: *** [cmTC_ced14/fast] Error 2

File /home/xaviernx/gr-deep_jscc_test/build/CMakeFiles/CMakeTmp/CheckSymbolExists.c:
/* */
#include <pthread.h>

int main(int argc, char** argv)
{
  (void)argv;
#ifndef pthread_create
  return ((int*)(&pthread_create))[argc];
#else
  (void)argc;
  return 0;
#endif
}

Determining if the function pthread_create exists in the pthreads failed with the following output:
Change Dir: /home/xaviernx/gr-deep_jscc_test/build/CMakeFiles/CMakeTmp

Run Build Command:"/usr/bin/make" "cmTC_e6b29/fast"
/usr/bin/make -f CMakeFiles/cmTC_e6b29.dir/build.make CMakeFiles/cmTC_e6b29.dir/build
make[1]: Entering directory '/home/xaviernx/gr-deep_jscc_test/build/CMakeFiles/CMakeTmp'
Building C object CMakeFiles/cmTC_e6b29.dir/CheckFunctionExists.c.o
/usr/bin/cc   -DCHECK_FUNCTION_EXISTS=pthread_create   -std=gnu11 -o CMakeFiles/cmTC_e6b29.dir/CheckFunctionExists.c.o   -c /usr/share/cmake-3.10/Modules/CheckFunctionExists.c
Linking C executable cmTC_e6b29
/usr/bin/cmake -E cmake_link_script CMakeFiles/cmTC_e6b29.dir/link.txt --verbose=1
/usr/bin/cc  -DCHECK_FUNCTION_EXISTS=pthread_create    CMakeFiles/cmTC_e6b29.dir/CheckFunctionExists.c.o  -o cmTC_e6b29 -lpthreads 
/usr/bin/ld: cannot find -lpthreads
collect2: error: ld returned 1 exit status
CMakeFiles/cmTC_e6b29.dir/build.make:97: recipe for target 'cmTC_e6b29' failed
make[1]: *** [cmTC_e6b29] Error 1
make[1]: Leaving directory '/home/xaviernx/gr-deep_jscc_test/build/CMakeFiles/CMakeTmp'
Makefile:126: recipe for target 'cmTC_e6b29/fast' failed
make: *** [cmTC_e6b29/fast] Error 2


